TN:
SF:/Users/kitoclark/personal/open-source/redux-crud-orm/src/attribute-types.js
FN:3,(anonymous_0)
FN:5,(anonymous_1)
FN:7,(anonymous_2)
FN:13,(anonymous_3)
FN:18,(anonymous_4)
FNF:5
FNH:4
FNDA:10,(anonymous_0)
FNDA:0,(anonymous_1)
FNDA:9,(anonymous_2)
FNDA:6,(anonymous_3)
FNDA:3,(anonymous_4)
DA:1,8
DA:3,10
DA:5,8
DA:7,8
DA:8,9
DA:10,9
DA:13,8
DA:18,8
DA:23,8
LF:9
LH:9
BRDA:8,0,0,3
BRDA:8,1,0,9
BRDA:8,2,0,9
BRF:3
BRH:3
end_of_record
TN:
SF:/Users/kitoclark/personal/open-source/redux-crud-orm/src/constants.js
FNF:0
FNH:0
DA:1,8
DA:6,8
DA:11,8
LF:3
LH:3
BRF:0
BRH:0
end_of_record
TN:
SF:/Users/kitoclark/personal/open-source/redux-crud-orm/src/create-db.js
FN:3,(anonymous_0)
FN:11,(anonymous_1)
FN:17,(anonymous_2)
FN:43,(anonymous_3)
FN:44,(anonymous_4)
FNF:5
FNH:3
FNDA:15,(anonymous_0)
FNDA:8,(anonymous_1)
FNDA:15,(anonymous_2)
FNDA:0,(anonymous_3)
FNDA:0,(anonymous_4)
DA:1,7
DA:3,15
DA:11,7
DA:12,8
DA:13,8
DA:14,8
DA:16,8
DA:17,15
DA:24,8
DA:25,8
DA:43,8
DA:44,0
DA:46,0
DA:48,0
DA:50,0
DA:52,0
DA:55,0
DA:76,8
DA:80,7
LF:19
LH:13
BRDA:11,0,0,0
BRDA:44,1,0,0
BRDA:46,2,0,0
BRDA:46,2,1,0
BRF:4
BRH:0
end_of_record
TN:
SF:/Users/kitoclark/personal/open-source/redux-crud-orm/src/create-session.js
FN:3,(anonymous_0)
FN:8,(anonymous_1)
FN:9,(anonymous_2)
FN:11,(anonymous_3)
FN:15,(anonymous_4)
FN:18,(anonymous_5)
FNF:6
FNH:5
FNDA:8,(anonymous_0)
FNDA:11,(anonymous_1)
FNDA:20,(anonymous_2)
FNDA:15,(anonymous_3)
FNDA:0,(anonymous_4)
FNDA:8,(anonymous_5)
DA:1,7
DA:3,7
DA:4,8
DA:5,8
DA:6,8
DA:8,11
DA:9,20
DA:11,8
DA:12,15
DA:15,8
DA:16,8
DA:18,8
DA:19,8
DA:21,8
DA:25,7
LF:15
LH:15
BRDA:18,0,0,8
BRF:1
BRH:1
end_of_record
TN:
SF:/Users/kitoclark/personal/open-source/redux-crud-orm/src/create-model/index.js
FN:9,(anonymous_0)
FNF:1
FNH:1
FNDA:15,(anonymous_0)
DA:1,7
DA:3,7
DA:4,7
DA:5,7
DA:7,7
DA:9,7
DA:10,15
DA:12,15
DA:13,15
DA:14,15
DA:16,15
DA:27,15
DA:28,15
DA:29,15
DA:30,15
DA:32,15
DA:35,7
LF:17
LH:17
BRF:0
BRH:0
end_of_record
TN:
SF:/Users/kitoclark/personal/open-source/redux-crud-orm/src/create-model/model-actions/all.js
FN:1,(anonymous_0)
FN:1,(anonymous_1)
FN:7,(anonymous_2)
FN:11,(anonymous_3)
FNF:4
FNH:4
FNDA:15,(anonymous_0)
FNDA:9,(anonymous_1)
FNDA:11,(anonymous_2)
FNDA:11,(anonymous_3)
DA:1,15
DA:2,9
DA:4,9
DA:6,9
DA:8,11
DA:9,11
DA:12,11
DA:14,11
DA:15,3
DA:17,11
DA:19,11
DA:23,7
LF:12
LH:12
BRDA:1,0,0,6
BRDA:2,1,0,6
BRDA:14,2,0,3
BRDA:14,2,1,8
BRF:4
BRH:4
end_of_record
TN:
SF:/Users/kitoclark/personal/open-source/redux-crud-orm/src/create-model/model-actions/byId.js
FN:1,(anonymous_0)
FN:1,(anonymous_1)
FNF:2
FNH:2
FNDA:15,(anonymous_0)
FNDA:2,(anonymous_1)
DA:1,15
DA:2,2
DA:4,2
DA:6,2
DA:8,2
DA:10,2
DA:12,2
DA:15,7
LF:8
LH:8
BRDA:1,0,0,2
BRDA:8,1,0,0
BRDA:8,1,1,2
BRF:3
BRH:2
end_of_record
TN:
SF:/Users/kitoclark/personal/open-source/redux-crud-orm/src/create-model/model-actions/delete.js
FN:3,(anonymous_0)
FN:3,(anonymous_1)
FN:4,(anonymous_2)
FN:5,(anonymous_3)
FN:7,(anonymous_4)
FNF:5
FNH:5
FNDA:15,(anonymous_0)
FNDA:2,(anonymous_1)
FNDA:2,(anonymous_2)
FNDA:2,(anonymous_3)
FNDA:2,(anonymous_4)
DA:1,7
DA:3,15
DA:4,2
DA:5,2
DA:6,2
DA:7,2
DA:10,2
DA:13,2
DA:16,2
DA:19,7
LF:10
LH:10
BRDA:3,0,0,2
BRF:1
BRH:1
end_of_record
TN:
SF:/Users/kitoclark/personal/open-source/redux-crud-orm/src/create-model/model-actions/index.js
FNF:0
FNH:0
DA:1,7
DA:2,7
DA:3,7
DA:4,7
DA:6,7
LF:5
LH:5
BRF:0
BRH:0
end_of_record
TN:
SF:/Users/kitoclark/personal/open-source/redux-crud-orm/src/create-model/model-actions/upsert.js
FN:4,(anonymous_0)
FN:4,(anonymous_1)
FN:6,(anonymous_2)
FNF:3
FNH:3
FNDA:15,(anonymous_0)
FNDA:14,(anonymous_1)
FNDA:14,(anonymous_2)
DA:1,7
DA:2,7
DA:4,15
DA:5,14
DA:6,14
DA:8,14
DA:11,7
LF:7
LH:7
BRDA:5,0,0,10
BRDA:5,0,1,4
BRDA:8,1,0,4
BRDA:8,1,1,10
BRF:4
BRH:4
end_of_record
TN:
SF:/Users/kitoclark/personal/open-source/redux-crud-orm/src/create-model/private-methods/addParentReference.js
FN:4,addParentReference
FNF:1
FNH:1
FNDA:9,addParentReference
DA:1,7
DA:2,7
DA:5,9
DA:7,9
DA:10,7
LF:5
LH:5
BRF:0
BRH:0
end_of_record
TN:
SF:/Users/kitoclark/personal/open-source/redux-crud-orm/src/create-model/private-methods/createParent.js
FN:3,createParent
FNF:1
FNH:1
FNDA:9,createParent
DA:1,7
DA:4,9
DA:12,7
LF:3
LH:3
BRF:0
BRH:0
end_of_record
TN:
SF:/Users/kitoclark/personal/open-source/redux-crud-orm/src/create-model/private-methods/getRelatedData.js
FN:7,getRelatedData
FN:15,(anonymous_1)
FN:20,(anonymous_2)
FNF:3
FNH:3
FNDA:5,getRelatedData
FNDA:2,(anonymous_1)
FNDA:3,(anonymous_2)
DA:1,7
DA:2,7
DA:3,7
DA:4,7
DA:5,7
DA:8,5
DA:9,5
DA:11,5
DA:12,5
DA:14,5
DA:15,4
DA:16,2
DA:20,5
DA:21,3
DA:22,3
DA:23,3
DA:24,3
DA:28,3
DA:30,3
DA:35,3
DA:37,3
DA:38,1
DA:43,5
DA:46,7
LF:24
LH:24
BRDA:7,0,0,1
BRDA:14,1,0,4
BRDA:14,1,1,1
BRDA:16,2,0,2
BRDA:16,2,1,1
BRDA:21,3,0,3
BRDA:21,3,1,0
BRDA:21,4,0,3
BRDA:21,4,1,3
BRDA:35,5,0,2
BRDA:35,5,1,1
BRDA:37,6,0,1
BRDA:37,6,1,2
BRF:13
BRH:12
end_of_record
TN:
SF:/Users/kitoclark/personal/open-source/redux-crud-orm/src/create-model/private-methods/handleWhere.js
FN:4,handleWhere
FN:11,(anonymous_1)
FNF:2
FNH:2
FNDA:17,handleWhere
FNDA:5,(anonymous_1)
DA:1,7
DA:2,7
DA:5,17
DA:7,17
DA:8,8
DA:11,9
DA:12,5
DA:14,5
DA:15,5
DA:18,9
DA:21,7
LF:11
LH:11
BRDA:7,0,0,8
BRDA:7,0,1,9
BRDA:14,1,0,1
BRDA:14,1,1,4
BRDA:14,2,0,5
BRDA:14,2,1,2
BRDA:15,3,0,1
BRDA:15,3,1,4
BRDA:15,4,0,5
BRDA:15,4,1,3
BRF:10
BRH:10
end_of_record
TN:
SF:/Users/kitoclark/personal/open-source/redux-crud-orm/src/create-model/private-methods/index.js
FNF:0
FNH:0
DA:1,7
DA:2,7
DA:3,7
DA:4,7
DA:5,7
DA:6,7
DA:8,7
LF:7
LH:7
BRF:0
BRH:0
end_of_record
TN:
SF:/Users/kitoclark/personal/open-source/redux-crud-orm/src/create-model/private-methods/normalizeRecord.js
FN:8,(anonymous_0)
FN:14,normalizeRecord
FN:21,(anonymous_2)
FN:32,(anonymous_3)
FN:48,(anonymous_4)
FN:49,(anonymous_5)
FNF:6
FNH:6
FNDA:70,(anonymous_0)
FNDA:18,normalizeRecord
FNDA:4,(anonymous_2)
FNDA:6,(anonymous_3)
FNDA:18,(anonymous_4)
FNDA:18,(anonymous_5)
DA:1,7
DA:2,7
DA:3,7
DA:4,7
DA:5,7
DA:6,7
DA:8,7
DA:9,70
DA:10,8
DA:15,18
DA:17,18
DA:19,18
DA:21,18
DA:22,4
DA:23,4
DA:24,4
DA:26,4
DA:31,4
DA:32,2
DA:33,6
DA:37,4
DA:38,2
DA:46,18
DA:48,18
DA:49,18
DA:50,18
DA:51,12
DA:54,18
DA:56,18
DA:63,18
DA:67,7
LF:31
LH:31
BRDA:8,0,0,64
BRDA:9,1,0,8
BRDA:9,1,1,62
BRDA:22,2,0,4
BRDA:22,2,1,0
BRDA:22,3,0,4
BRDA:22,3,1,4
BRDA:31,4,0,2
BRDA:31,4,1,2
BRDA:37,5,0,2
BRDA:37,5,1,2
BRDA:46,6,0,8
BRDA:46,6,1,10
BRDA:50,7,0,12
BRDA:50,7,1,6
BRDA:54,8,0,18
BRDA:54,8,1,12
BRF:17
BRH:16
end_of_record
TN:
SF:/Users/kitoclark/personal/open-source/redux-crud-orm/src/create-model/private-methods/shapeReference.js
FN:3,shapeReference
FNF:1
FNH:1
FNDA:9,shapeReference
DA:1,7
DA:4,9
DA:10,7
LF:3
LH:3
BRF:0
BRH:0
end_of_record
TN:
SF:/Users/kitoclark/personal/open-source/redux-crud-orm/src/utils/create-model.js
FN:3,(anonymous_0)
FN:7,(anonymous_1)
FN:8,(anonymous_2)
FN:11,(anonymous_3)
FN:19,(anonymous_4)
FN:22,(anonymous_5)
FN:24,(anonymous_6)
FN:25,(anonymous_7)
FNF:8
FNH:8
FNDA:17,(anonymous_0)
FNDA:12,(anonymous_1)
FNDA:2,(anonymous_2)
FNDA:40,(anonymous_3)
FNDA:13,(anonymous_4)
FNDA:16,(anonymous_5)
FNDA:16,(anonymous_6)
FNDA:16,(anonymous_7)
DA:1,8
DA:3,8
DA:4,17
DA:6,11
DA:7,12
DA:8,2
DA:11,8
DA:12,40
DA:13,40
DA:14,40
DA:16,40
DA:19,8
DA:20,13
DA:22,8
DA:23,16
DA:24,16
DA:25,16
DA:27,8
LF:18
LH:18
BRDA:4,0,0,6
BRDA:4,0,1,11
BRF:2
BRH:2
end_of_record
