TN:
SF:/Users/kitoclark/personal/open-source/redux-crud-orm/src/attribute-types.js
FN:3,(anonymous_0)
FN:5,(anonymous_1)
FN:7,(anonymous_2)
FN:13,(anonymous_3)
FN:18,(anonymous_4)
FNF:5
FNH:4
FNDA:9,(anonymous_0)
FNDA:0,(anonymous_1)
FNDA:11,(anonymous_2)
FNDA:7,(anonymous_3)
FNDA:4,(anonymous_4)
DA:1,8
DA:3,9
DA:5,8
DA:7,8
DA:8,11
DA:10,11
DA:13,8
DA:18,8
DA:23,8
LF:9
LH:9
BRDA:8,0,0,3
BRDA:8,1,0,11
BRDA:8,2,0,11
BRF:3
BRH:3
end_of_record
TN:
SF:/Users/kitoclark/personal/open-source/redux-crud-orm/src/constants.js
FNF:0
FNH:0
DA:1,8
DA:6,8
DA:11,8
LF:3
LH:3
BRF:0
BRH:0
end_of_record
TN:
SF:/Users/kitoclark/personal/open-source/redux-crud-orm/src/create-db.js
FN:3,(anonymous_0)
FN:11,createReducer
FN:23,(anonymous_2)
FN:42,(anonymous_3)
FN:52,(anonymous_4)
FN:60,(anonymous_5)
FN:63,(anonymous_6)
FNF:7
FNH:4
FNDA:16,(anonymous_0)
FNDA:16,createReducer
FNDA:0,(anonymous_2)
FNDA:7,(anonymous_3)
FNDA:16,(anonymous_4)
FNDA:0,(anonymous_5)
FNDA:0,(anonymous_6)
DA:1,7
DA:3,16
DA:13,16
DA:15,16
DA:23,16
DA:24,0
DA:29,0
DA:30,0
DA:32,0
DA:33,0
DA:35,0
DA:39,16
DA:42,7
DA:43,7
DA:44,7
DA:45,7
DA:47,7
DA:48,7
DA:49,7
DA:50,7
DA:52,7
DA:53,16
DA:55,16
DA:56,16
DA:57,16
DA:60,7
DA:61,0
DA:63,0
DA:64,0
DA:67,0
DA:70,7
DA:73,7
LF:32
LH:22
BRDA:24,0,0,0
BRDA:24,0,1,0
BRDA:24,0,2,0
BRDA:24,0,3,0
BRDA:24,0,4,0
BRDA:24,0,5,0
BRDA:42,1,0,0
BRDA:60,2,0,0
BRF:8
BRH:0
end_of_record
TN:
SF:/Users/kitoclark/personal/open-source/redux-crud-orm/src/create-session.js
FN:3,(anonymous_0)
FN:8,(anonymous_1)
FN:9,(anonymous_2)
FN:10,(anonymous_3)
FN:11,(anonymous_4)
FN:13,(anonymous_5)
FN:17,(anonymous_6)
FN:20,(anonymous_7)
FNF:8
FNH:6
FNDA:7,(anonymous_0)
FNDA:17,(anonymous_1)
FNDA:0,(anonymous_2)
FNDA:101,(anonymous_3)
FNDA:7,(anonymous_4)
FNDA:16,(anonymous_5)
FNDA:0,(anonymous_6)
FNDA:7,(anonymous_7)
DA:1,7
DA:3,7
DA:4,7
DA:5,7
DA:6,7
DA:8,17
DA:9,7
DA:10,101
DA:11,7
DA:13,7
DA:14,16
DA:17,7
DA:18,7
DA:20,7
DA:21,7
DA:23,7
DA:27,7
LF:17
LH:17
BRDA:20,0,0,7
BRF:1
BRH:1
end_of_record
TN:
SF:/Users/kitoclark/personal/open-source/redux-crud-orm/src/create-model/index.js
FN:9,(anonymous_0)
FNF:1
FNH:1
FNDA:16,(anonymous_0)
DA:1,7
DA:3,7
DA:4,7
DA:5,7
DA:7,7
DA:9,7
DA:10,16
DA:12,16
DA:13,16
DA:14,16
DA:16,16
DA:27,16
DA:28,16
DA:29,16
DA:30,16
DA:32,16
DA:35,7
LF:17
LH:17
BRF:0
BRH:0
end_of_record
TN:
SF:/Users/kitoclark/personal/open-source/redux-crud-orm/src/create-model/model-actions/all.js
FN:1,(anonymous_0)
FN:1,(anonymous_1)
FN:7,(anonymous_2)
FN:11,(anonymous_3)
FNF:4
FNH:4
FNDA:16,(anonymous_0)
FNDA:15,(anonymous_1)
FNDA:64,(anonymous_2)
FNDA:32,(anonymous_3)
DA:1,16
DA:2,15
DA:4,15
DA:6,15
DA:8,64
DA:9,64
DA:12,32
DA:14,32
DA:15,22
DA:17,32
DA:19,32
DA:23,7
LF:12
LH:12
BRDA:1,0,0,3
BRDA:2,1,0,4
BRDA:14,2,0,22
BRDA:14,2,1,10
BRF:4
BRH:4
end_of_record
TN:
SF:/Users/kitoclark/personal/open-source/redux-crud-orm/src/create-model/model-actions/byId.js
FN:1,(anonymous_0)
FN:1,(anonymous_1)
FNF:2
FNH:2
FNDA:16,(anonymous_0)
FNDA:2,(anonymous_1)
DA:1,16
DA:2,2
DA:4,2
DA:6,2
DA:8,2
DA:10,2
DA:12,2
DA:15,7
LF:8
LH:8
BRDA:1,0,0,1
BRDA:8,1,0,1
BRDA:8,1,1,1
BRF:3
BRH:3
end_of_record
TN:
SF:/Users/kitoclark/personal/open-source/redux-crud-orm/src/create-model/model-actions/delete.js
FN:3,(anonymous_0)
FN:3,(anonymous_1)
FN:4,(anonymous_2)
FN:5,(anonymous_3)
FN:7,(anonymous_4)
FNF:5
FNH:5
FNDA:16,(anonymous_0)
FNDA:1,(anonymous_1)
FNDA:1,(anonymous_2)
FNDA:1,(anonymous_3)
FNDA:3,(anonymous_4)
DA:1,7
DA:3,16
DA:4,1
DA:5,1
DA:6,1
DA:7,3
DA:10,1
DA:13,1
DA:16,1
DA:19,7
LF:10
LH:10
BRDA:3,0,0,1
BRF:1
BRH:1
end_of_record
TN:
SF:/Users/kitoclark/personal/open-source/redux-crud-orm/src/create-model/model-actions/index.js
FNF:0
FNH:0
DA:1,7
DA:2,7
DA:3,7
DA:4,7
DA:6,7
LF:5
LH:5
BRF:0
BRH:0
end_of_record
TN:
SF:/Users/kitoclark/personal/open-source/redux-crud-orm/src/create-model/model-actions/upsert.js
FN:4,(anonymous_0)
FN:4,(anonymous_1)
FN:6,(anonymous_2)
FNF:3
FNH:3
FNDA:16,(anonymous_0)
FNDA:48,(anonymous_1)
FNDA:80,(anonymous_2)
DA:1,7
DA:2,7
DA:4,16
DA:5,48
DA:6,80
DA:8,48
DA:11,7
LF:7
LH:7
BRDA:5,0,0,28
BRDA:5,0,1,20
BRDA:8,1,0,20
BRDA:8,1,1,28
BRF:4
BRH:4
end_of_record
TN:
SF:/Users/kitoclark/personal/open-source/redux-crud-orm/src/create-model/private-methods/addParentReference.js
FN:4,addParentReference
FNF:1
FNH:1
FNDA:81,addParentReference
DA:1,7
DA:2,7
DA:5,81
DA:7,81
DA:10,7
LF:5
LH:5
BRF:0
BRH:0
end_of_record
TN:
SF:/Users/kitoclark/personal/open-source/redux-crud-orm/src/create-model/private-methods/createParent.js
FN:3,createParent
FNF:1
FNH:1
FNDA:53,createParent
DA:1,7
DA:4,53
DA:12,7
LF:3
LH:3
BRF:0
BRH:0
end_of_record
TN:
SF:/Users/kitoclark/personal/open-source/redux-crud-orm/src/create-model/private-methods/getRelatedData.js
FN:7,getRelatedData
FN:15,(anonymous_1)
FN:20,(anonymous_2)
FNF:3
FNH:3
FNDA:25,getRelatedData
FNDA:2,(anonymous_1)
FNDA:11,(anonymous_2)
DA:1,7
DA:2,7
DA:3,7
DA:4,7
DA:5,7
DA:8,25
DA:9,25
DA:11,25
DA:12,25
DA:14,25
DA:15,4
DA:16,2
DA:20,25
DA:21,11
DA:22,11
DA:23,11
DA:24,11
DA:28,11
DA:30,11
DA:35,11
DA:37,11
DA:38,5
DA:43,25
DA:46,7
LF:24
LH:24
BRDA:7,0,0,1
BRDA:14,1,0,4
BRDA:14,1,1,21
BRDA:16,2,0,2
BRDA:16,2,1,1
BRDA:21,3,0,11
BRDA:21,3,1,0
BRDA:21,4,0,11
BRDA:21,4,1,11
BRDA:35,5,0,6
BRDA:35,5,1,5
BRDA:37,6,0,5
BRDA:37,6,1,6
BRF:13
BRH:12
end_of_record
TN:
SF:/Users/kitoclark/personal/open-source/redux-crud-orm/src/create-model/private-methods/handleWhere.js
FN:4,handleWhere
FN:11,(anonymous_1)
FNF:2
FNH:2
FNDA:70,handleWhere
FNDA:5,(anonymous_1)
DA:1,7
DA:2,7
DA:5,70
DA:7,70
DA:8,56
DA:11,14
DA:12,5
DA:14,5
DA:15,5
DA:18,14
DA:21,7
LF:11
LH:11
BRDA:7,0,0,56
BRDA:7,0,1,14
BRDA:14,1,0,1
BRDA:14,1,1,4
BRDA:14,2,0,5
BRDA:14,2,1,2
BRDA:15,3,0,1
BRDA:15,3,1,4
BRDA:15,4,0,5
BRDA:15,4,1,3
BRF:10
BRH:10
end_of_record
TN:
SF:/Users/kitoclark/personal/open-source/redux-crud-orm/src/create-model/private-methods/index.js
FNF:0
FNH:0
DA:1,7
DA:2,7
DA:3,7
DA:4,7
DA:5,7
DA:6,7
DA:8,7
LF:7
LH:7
BRF:0
BRH:0
end_of_record
TN:
SF:/Users/kitoclark/personal/open-source/redux-crud-orm/src/create-model/private-methods/normalizeRecord.js
FN:8,(anonymous_0)
FN:14,normalizeRecord
FN:21,(anonymous_2)
FN:32,(anonymous_3)
FN:48,(anonymous_4)
FN:49,(anonymous_5)
FNF:6
FNH:6
FNDA:602,(anonymous_0)
FNDA:100,normalizeRecord
FNDA:40,(anonymous_2)
FNDA:60,(anonymous_3)
FNDA:100,(anonymous_4)
FNDA:100,(anonymous_5)
DA:1,7
DA:2,7
DA:3,7
DA:4,7
DA:5,7
DA:6,7
DA:8,7
DA:9,602
DA:10,80
DA:15,100
DA:17,100
DA:19,100
DA:21,100
DA:22,40
DA:23,40
DA:24,40
DA:26,40
DA:31,40
DA:32,20
DA:33,60
DA:37,40
DA:38,20
DA:46,100
DA:48,100
DA:49,100
DA:50,100
DA:51,100
DA:54,100
DA:56,100
DA:63,100
DA:67,7
LF:31
LH:31
BRDA:8,0,0,602
BRDA:9,1,0,80
BRDA:9,1,1,522
BRDA:22,2,0,40
BRDA:22,2,1,0
BRDA:22,3,0,40
BRDA:22,3,1,40
BRDA:31,4,0,20
BRDA:31,4,1,20
BRDA:37,5,0,20
BRDA:37,5,1,20
BRDA:46,6,0,80
BRDA:46,6,1,20
BRDA:50,7,0,100
BRDA:50,7,1,0
BRDA:54,8,0,100
BRDA:54,8,1,100
BRF:17
BRH:15
end_of_record
TN:
SF:/Users/kitoclark/personal/open-source/redux-crud-orm/src/create-model/private-methods/shapeReference.js
FN:3,shapeReference
FNF:1
FNH:1
FNDA:81,shapeReference
DA:1,7
DA:4,81
DA:10,7
LF:3
LH:3
BRF:0
BRH:0
end_of_record
TN:
SF:/Users/kitoclark/personal/open-source/redux-crud-orm/src/utils/create-model.js
FN:3,(anonymous_0)
FN:7,(anonymous_1)
FN:8,(anonymous_2)
FN:11,(anonymous_3)
FN:19,(anonymous_4)
FN:22,(anonymous_5)
FN:24,(anonymous_6)
FN:25,(anonymous_7)
FNF:8
FNH:8
FNDA:18,(anonymous_0)
FNDA:12,(anonymous_1)
FNDA:2,(anonymous_2)
FNDA:246,(anonymous_3)
FNDA:93,(anonymous_4)
FNDA:17,(anonymous_5)
FNDA:17,(anonymous_6)
FNDA:17,(anonymous_7)
DA:1,8
DA:3,8
DA:4,18
DA:6,11
DA:7,12
DA:8,2
DA:11,8
DA:12,246
DA:13,246
DA:14,246
DA:16,246
DA:19,8
DA:20,93
DA:22,8
DA:23,17
DA:24,17
DA:25,17
DA:27,8
LF:18
LH:18
BRDA:4,0,0,7
BRDA:4,0,1,11
BRF:2
BRH:2
end_of_record
